<?xml version="1.0" encoding="UTF-8"?>
<!-- Generated by org.testng.reporters.JUnitReportReporter -->
<testsuite hostname="DESKTOP-I9RL5TD" failures="0" tests="7" name="testCasesForAdactin.TC_007_ForgetPasswordFunctionality" time="48.906" errors="0" timestamp="2025-09-15T09:28:35 IST" skipped="0">
  <testcase classname="testCasesForAdactin.TC_007_ForgetPasswordFunctionality" name="bookingctest" time="17.698"/>
  <testcase classname="testCasesForAdactin.TC_007_ForgetPasswordFunctionality" name="Forgetpassword" time="0.296"/>
  <testcase classname="testCasesForAdactin.TC_007_ForgetPasswordFunctionality" name="cancelItinerarytest" time="15.927"/>
  <testcase classname="testCasesForAdactin.TC_007_ForgetPasswordFunctionality" name="bookhotel" time="6.048"/>
  <testcase classname="testCasesForAdactin.TC_007_ForgetPasswordFunctionality" name="logintest" time="0.571"/>
  <testcase classname="testCasesForAdactin.TC_007_ForgetPasswordFunctionality" name="searcHoteltest" time="4.598"/>
  <testcase classname="testCasesForAdactin.TC_007_ForgetPasswordFunctionality" name="hotelselction" time="3.768"/>
</testsuite> <!-- testCasesForAdactin.TC_007_ForgetPasswordFunctionality -->
