<?xml version="1.0" encoding="UTF-8"?>
<!-- Generated by org.testng.reporters.JUnitReportReporter -->
<testsuite hostname="DESKTOP-I9RL5TD" failures="0" tests="1" name="testCasesForAdactin.TC_001_LoginFunctionality" time="1.101" errors="0" timestamp="2025-08-20T15:24:08 IST" skipped="0">
  <testcase classname="testCasesForAdactin.TC_001_LoginFunctionality" name="logintest" time="1.101"/>
</testsuite> <!-- testCasesForAdactin.TC_001_LoginFunctionality -->
