<?xml version="1.0" encoding="UTF-8"?>
<!-- Generated by org.testng.reporters.JUnitReportReporter -->
<testsuite hostname="DESKTOP-I9RL5TD" failures="0" tests="3" name="testCasesForAdactin.TC_003_SelectHotelPage" time="9.952" errors="0" timestamp="2025-08-20T17:20:41 IST" skipped="0">
  <testcase classname="testCasesForAdactin.TC_003_SelectHotelPage" name="logintest" time="1.602"/>
  <testcase classname="testCasesForAdactin.TC_003_SelectHotelPage" name="searcHoteltest" time="4.306"/>
  <testcase classname="testCasesForAdactin.TC_003_SelectHotelPage" name="hotelselction" time="4.044"/>
</testsuite> <!-- testCasesForAdactin.TC_003_SelectHotelPage -->
