<?xml version="1.0" encoding="UTF-8"?>
<!-- Generated by org.testng.reporters.JUnitReportReporter -->
<testsuite hostname="DESKTOP-I9RL5TD" failures="0" tests="6" name="testCasesForAdactin.TC_006_BookedItineraryFunctionality" time="47.387" errors="0" timestamp="2025-08-31T17:03:24 IST" skipped="0">
  <testcase classname="testCasesForAdactin.TC_006_BookedItineraryFunctionality" name="bookhotel" time="5.937"/>
  <testcase classname="testCasesForAdactin.TC_006_BookedItineraryFunctionality" name="logintest" time="1.107"/>
  <testcase classname="testCasesForAdactin.TC_006_BookedItineraryFunctionality" name="searcHoteltest" time="4.397"/>
  <testcase classname="testCasesForAdactin.TC_006_BookedItineraryFunctionality" name="hotelselction" time="3.999"/>
  <testcase classname="testCasesForAdactin.TC_006_BookedItineraryFunctionality" name="cancelItinerarytest" time="16.525"/>
  <testcase classname="testCasesForAdactin.TC_006_BookedItineraryFunctionality" name="bookingctest" time="15.422"/>
</testsuite> <!-- testCasesForAdactin.TC_006_BookedItineraryFunctionality -->
