<?xml version="1.0" encoding="UTF-8"?>
<!-- Generated by org.testng.reporters.JUnitReportReporter -->
<testsuite hostname="DESKTOP-I9RL5TD" failures="0" tests="2" name="testCasesForAdactin.TC_002_SearchHotelFunctionality" time="6.703" errors="0" timestamp="2025-08-20T16:51:40 IST" skipped="0">
  <testcase classname="testCasesForAdactin.TC_002_SearchHotelFunctionality" name="searcHoteltest" time="4.518"/>
  <testcase classname="testCasesForAdactin.TC_002_SearchHotelFunctionality" name="logintest" time="2.185"/>
</testsuite> <!-- testCasesForAdactin.TC_002_SearchHotelFunctionality -->
